2024-09-25 09:54:51,623 [INFO] Activator:176 - 


2024-09-25 09:54:51,623 [INFO] Activator:177 - !SESSION log4j initialized
2024-09-25 09:54:53,556 [INFO] LogOutputStream:77 - [STDOUT_REDIRECT] 
2024-09-25 09:54:55,916 [INFO] ApplicationProperties:184 - Using Application install path: C:\ST\STM32CubeIDE_1.16.0\STM32CubeIDE\plugins\com.st.stm32cube.common.mx_6.12.1.202409122256
2024-09-25 09:54:55,933 [INFO] DbMcusXml:78 - Set database path to: C:\ST\STM32CubeIDE_1.16.0\STM32CubeIDE\plugins\com.st.stm32cube.common.mx_6.12.1.202409122256\\db\/mcu/
2024-09-25 09:54:55,934 [INFO] ApiDb:274 - Set plugin database path to: C:\ST\STM32CubeIDE_1.16.0\STM32CubeIDE\plugins\com.st.stm32cube.common.mx_6.12.1.202409122256\\db\/plugins/boardmanager/
2024-09-25 09:54:55,934 [WARN] ApiDb:259 - Overriding images path with different value:  => C:\ST\STM32CubeIDE_1.16.0\STM32CubeIDE\plugins\com.st.stm32cube.common.mx_6.12.1.202409122256\\db\/plugins/mcufinder/images/
2024-09-25 09:54:55,940 [INFO] ApiDb:250 - Set database path to: C:\Users\steve\.stmcufinder\plugins\mcufinder//mcu/
2024-09-25 09:54:55,941 [INFO] DbMcusAds:125 - Set database path to: C:\Users\steve\.stmcufinder\plugins\mcufinder//mcu/
2024-09-25 09:54:55,943 [INFO] CrossReferenceDbSqlite:203 - Set database path to: C:\Users\steve\.stmcufinder\plugins\mcufinder//mcu/cs/
2024-09-25 09:54:56,050 [INFO] RulesReader:64 - Compatibility file has been processed (297 Rules)
2024-09-25 09:54:56,135 [INFO] DbMcusXml:78 - Set database path to: C:\ST\STM32CubeIDE_1.16.0\STM32CubeIDE\plugins\com.st.stm32cube.common.mx_6.12.1.202409122256\\db\/mcu/
2024-09-25 09:54:56,135 [INFO] ApiDb:274 - Set plugin database path to: C:\ST\STM32CubeIDE_1.16.0\STM32CubeIDE\plugins\com.st.stm32cube.common.mx_6.12.1.202409122256\\db\/plugins/boardmanager/
2024-09-25 09:54:56,135 [INFO] ApiDb:261 - Set plugin images path to: C:\ST\STM32CubeIDE_1.16.0\STM32CubeIDE\plugins\com.st.stm32cube.common.mx_6.12.1.202409122256\\db\/plugins/mcufinder/images/
2024-09-25 09:54:56,135 [WARN] DbFile:41 - Overriding database path with different value: C:\Users\steve\.stmcufinder\plugins\mcufinder/ => C:\Users\steve\.stmcufinder\plugins\mcufinder
2024-09-25 09:54:56,136 [INFO] ApiDb:250 - Set database path to: C:\Users\steve\.stmcufinder\plugins\mcufinder//mcu/
2024-09-25 09:54:56,136 [WARN] DbFile:41 - Overriding database path with different value: C:\Users\steve\.stmcufinder\plugins\mcufinder/ => C:\Users\steve\.stmcufinder\plugins\mcufinder
2024-09-25 09:54:56,136 [INFO] DbMcusAds:125 - Set database path to: C:\Users\steve\.stmcufinder\plugins\mcufinder//mcu/
2024-09-25 09:54:56,136 [WARN] DbFile:41 - Overriding database path with different value: C:\Users\steve\.stmcufinder\plugins\mcufinder/ => C:\Users\steve\.stmcufinder\plugins\mcufinder
2024-09-25 09:54:56,136 [WARN] DbFile:41 - Overriding database path with different value: C:\Users\steve\.stmcufinder\plugins\mcufinder/ => C:\Users\steve\.stmcufinder\plugins\mcufinder
2024-09-25 09:54:56,136 [INFO] CrossReferenceDbSqlite:203 - Set database path to: C:\Users\steve\.stmcufinder\plugins\mcufinder//mcu/cs/
2024-09-25 09:54:56,216 [INFO] MainPanel:268 - HeapMemory: 268435456
2024-09-25 09:54:56,313 [INFO] DbMcusXml:78 - Set database path to: C:\ST\STM32CubeIDE_1.16.0\STM32CubeIDE\plugins\com.st.stm32cube.common.mx_6.12.1.202409122256\\db\/mcu/
2024-09-25 09:54:56,313 [INFO] ApiDb:274 - Set plugin database path to: C:\ST\STM32CubeIDE_1.16.0\STM32CubeIDE\plugins\com.st.stm32cube.common.mx_6.12.1.202409122256\\db\/plugins/boardmanager/
2024-09-25 09:54:56,313 [INFO] ApiDb:261 - Set plugin images path to: C:\ST\STM32CubeIDE_1.16.0\STM32CubeIDE\plugins\com.st.stm32cube.common.mx_6.12.1.202409122256\\db\/plugins/mcufinder/images/
2024-09-25 09:54:56,313 [WARN] DbFile:41 - Overriding database path with different value: C:\Users\steve\.stmcufinder\plugins\mcufinder/ => C:\Users\steve\.stmcufinder\plugins\mcufinder
2024-09-25 09:54:56,313 [INFO] ApiDb:250 - Set database path to: C:\Users\steve\.stmcufinder\plugins\mcufinder//mcu/
2024-09-25 09:54:56,313 [WARN] DbFile:41 - Overriding database path with different value: C:\Users\steve\.stmcufinder\plugins\mcufinder/ => C:\Users\steve\.stmcufinder\plugins\mcufinder
2024-09-25 09:54:56,314 [INFO] DbMcusAds:125 - Set database path to: C:\Users\steve\.stmcufinder\plugins\mcufinder//mcu/
2024-09-25 09:54:56,314 [WARN] DbFile:41 - Overriding database path with different value: C:\Users\steve\.stmcufinder\plugins\mcufinder/ => C:\Users\steve\.stmcufinder\plugins\mcufinder
2024-09-25 09:54:56,314 [WARN] DbFile:41 - Overriding database path with different value: C:\Users\steve\.stmcufinder\plugins\mcufinder/ => C:\Users\steve\.stmcufinder\plugins\mcufinder
2024-09-25 09:54:56,314 [INFO] CrossReferenceDbSqlite:203 - Set database path to: C:\Users\steve\.stmcufinder\plugins\mcufinder//mcu/cs/
2024-09-25 09:54:56,332 [INFO] ApplicationProperties:184 - Using Application install path: C:\ST\STM32CubeIDE_1.16.0\STM32CubeIDE\plugins\com.st.stm32cube.common.mx_6.12.1.202409122256
2024-09-25 09:54:56,333 [INFO] PluginManage:196 - Search for loadable plugins [exclusion list=, ]
2024-09-25 09:54:56,334 [INFO] PluginManage:310 - Check plugin analytics
2024-09-25 09:54:56,493 [INFO] AnalyticsPlugin:253 - Accepted Software Licenses: STM32CubeMX.6.12.0
2024-09-25 09:54:56,494 [INFO] AnalyticsPlugin:255 - Accepted CMSIS Pack Licenses: 
2024-09-25 09:54:56,494 [INFO] AnalyticsPlugin:257 - Accepted Firmware Licenses: FW.F4.1.28.0
2024-09-25 09:54:56,496 [INFO] PluginManage:359 - Loaded plugin analytics (category:tool,tabindex:-1)
2024-09-25 09:54:56,496 [INFO] PluginManage:310 - Check plugin cadmodel
2024-09-25 09:54:56,500 [INFO] CADModel:105 - Init CAD model plugin
2024-09-25 09:54:56,500 [INFO] PluginManage:359 - Loaded plugin cadmodel (category:power,tabindex:5)
2024-09-25 09:54:56,500 [INFO] PluginManage:310 - Check plugin clock
2024-09-25 09:54:56,508 [INFO] PluginManage:359 - Loaded plugin clock (category:base,tabindex:2)
2024-09-25 09:54:56,509 [INFO] PluginManage:310 - Check plugin ddr
2024-09-25 09:54:56,510 [INFO] PluginManage:359 - Loaded plugin ddr (category:tool,tabindex:6)
2024-09-25 09:54:56,511 [INFO] PluginManage:310 - Check plugin filemanager
2024-09-25 09:54:56,646 [INFO] PluginManage:359 - Loaded plugin filemanager (category:base,tabindex:10)
2024-09-25 09:54:56,646 [INFO] PluginManage:310 - Check plugin ipmanager
2024-09-25 09:54:56,654 [INFO] PluginManage:359 - Loaded plugin ipmanager (category:base,tabindex:5)
2024-09-25 09:54:56,654 [INFO] PluginManage:310 - Check plugin lpbam
2024-09-25 09:54:56,663 [INFO] PluginManage:359 - Loaded plugin lpbam (category:base,tabindex:0)
2024-09-25 09:54:56,663 [INFO] PluginManage:310 - Check plugin memorymap
2024-09-25 09:54:56,673 [INFO] PluginManage:359 - Loaded plugin memorymap (category:base,tabindex:4)
2024-09-25 09:54:56,674 [INFO] PluginManage:310 - Check plugin pinoutandconfiguration
2024-09-25 09:54:56,680 [INFO] PluginManage:359 - Loaded plugin pinoutandconfiguration (category:base,tabindex:1)
2024-09-25 09:54:56,681 [INFO] PluginManage:310 - Check plugin pinoutconfig
2024-09-25 09:54:56,786 [WARN] SupportedApi:132 - Cannot load RTOS API schema: s4s-elt-must-match.1: The content of 'definitions' must match (annotation?, (simpleType | complexType)?, (unique | key | keyref)*)). A problem was found starting at: attribute.
2024-09-25 09:54:56,914 [INFO] PluginManage:359 - Loaded plugin pinoutconfig (category:base,tabindex:0)
2024-09-25 09:54:56,914 [INFO] PluginManage:310 - Check plugin power
2024-09-25 09:54:56,922 [INFO] PluginManage:359 - Loaded plugin power (category:power,tabindex:4)
2024-09-25 09:54:56,922 [INFO] PluginManage:310 - Check plugin projectmanager
2024-09-25 09:54:56,938 [INFO] PluginManage:359 - Loaded plugin projectmanager (category:projectmanager,tabindex:4)
2024-09-25 09:54:56,939 [INFO] PluginManage:310 - Check plugin rif
2024-09-25 09:54:56,944 [INFO] PluginManage:359 - Loaded plugin rif (category:base,tabindex:3)
2024-09-25 09:54:56,944 [INFO] PluginManage:310 - Check plugin thirdparty
2024-09-25 09:54:57,062 [INFO] PluginManage:359 - Loaded plugin thirdparty (category:base,tabindex:-1)
2024-09-25 09:54:57,062 [WARN] IntegrityCheckThread:84 - waiting for thirdparty lock release [integrity check]
2024-09-25 09:54:57,063 [INFO] PluginManage:310 - Check plugin tools
2024-09-25 09:54:57,063 [INFO] IntegrityCheckThread:86 - entering critical section [integrity check]
2024-09-25 09:54:57,063 [INFO] ThirdPartyUpdaterWithRetryManager:70 - Updater plugin not ready yet. [1/15]
2024-09-25 09:54:57,066 [INFO] PluginManage:359 - Loaded plugin tools (category:base,tabindex:7)
2024-09-25 09:54:57,066 [INFO] PluginManage:310 - Check plugin tutovideos
2024-09-25 09:54:57,224 [INFO] PluginManage:359 - Loaded plugin tutovideos (category:base,tabindex:-1)
2024-09-25 09:54:57,224 [INFO] PluginManage:310 - Check plugin updater
2024-09-25 09:54:57,241 [INFO] PluginManage:359 - Loaded plugin updater (category:base,tabindex:12)
2024-09-25 09:54:57,241 [INFO] PluginManage:310 - Check plugin userauth
2024-09-25 09:54:57,246 [INFO] UserAuth:113 - Init User Auth plugin
2024-09-25 09:54:57,246 [INFO] PluginManage:359 - Loaded plugin userauth (category:base,tabindex:14)
2024-09-25 09:54:57,246 [INFO] PluginManage:283 - PluginManage : Loaded plugins [18]
2024-09-25 09:54:57,459 [INFO] PinOutPanel:1561 - setPackage(No Configuration,No Configuration)
2024-09-25 09:54:57,546 [INFO] CADModel:165 - CPN selected for project level
2024-09-25 09:54:57,547 [INFO] CADModel:114 - Register for checkConnection events
2024-09-25 09:54:57,561 [INFO] IPUIPlugin:80 - create IPUIPlugin
2024-09-25 09:54:57,561 [INFO] PluginManager:220 - loadIPPluginJar : add adc
2024-09-25 09:54:57,564 [INFO] IPUIPlugin:80 - create IPUIPlugin
2024-09-25 09:54:57,564 [INFO] PluginManager:220 - loadIPPluginJar : add aes
2024-09-25 09:54:57,566 [INFO] IPUIPlugin:80 - create IPUIPlugin
2024-09-25 09:54:57,567 [INFO] PluginManager:220 - loadIPPluginJar : add can
2024-09-25 09:54:57,568 [INFO] IPUIPlugin:80 - create IPUIPlugin
2024-09-25 09:54:57,569 [INFO] PluginManager:220 - loadIPPluginJar : add comp
2024-09-25 09:54:57,571 [INFO] IPUIPlugin:80 - create IPUIPlugin
2024-09-25 09:54:57,571 [INFO] PluginManager:220 - loadIPPluginJar : add cryp
2024-09-25 09:54:57,573 [INFO] IPUIPlugin:80 - create IPUIPlugin
2024-09-25 09:54:57,573 [INFO] PluginManager:220 - loadIPPluginJar : add ddr_ctrl_phy
2024-09-25 09:54:57,575 [INFO] IPUIPlugin:80 - create IPUIPlugin
2024-09-25 09:54:57,575 [INFO] PluginManager:220 - loadIPPluginJar : add dfsdm
2024-09-25 09:54:57,581 [INFO] IPUIPlugin:80 - create IPUIPlugin
2024-09-25 09:54:57,581 [INFO] PluginManager:220 - loadIPPluginJar : add dma
2024-09-25 09:54:57,584 [INFO] IPUIPlugin:80 - create IPUIPlugin
2024-09-25 09:54:57,584 [INFO] PluginManager:220 - loadIPPluginJar : add dma3
2024-09-25 09:54:57,586 [INFO] IPUIPlugin:80 - create IPUIPlugin
2024-09-25 09:54:57,586 [INFO] PluginManager:220 - loadIPPluginJar : add extmemmanager
2024-09-25 09:54:57,587 [INFO] IPUIPlugin:80 - create IPUIPlugin
2024-09-25 09:54:57,588 [INFO] PluginManager:220 - loadIPPluginJar : add fatfs
2024-09-25 09:54:57,592 [INFO] IPUIPlugin:80 - create IPUIPlugin
2024-09-25 09:54:57,592 [INFO] PluginManager:220 - loadIPPluginJar : add fmc
2024-09-25 09:54:57,597 [INFO] IPUIPlugin:80 - create IPUIPlugin
2024-09-25 09:54:57,597 [INFO] PluginManager:220 - loadIPPluginJar : add freertos
2024-09-25 09:54:57,599 [INFO] IPUIPlugin:80 - create IPUIPlugin
2024-09-25 09:54:57,599 [INFO] PluginManager:220 - loadIPPluginJar : add genericplugin
2024-09-25 09:54:57,600 [INFO] IPUIPlugin:80 - create IPUIPlugin
2024-09-25 09:54:57,601 [INFO] PluginManager:220 - loadIPPluginJar : add gfxmmu
2024-09-25 09:54:57,604 [INFO] IPUIPlugin:80 - create IPUIPlugin
2024-09-25 09:54:57,605 [INFO] PluginManager:220 - loadIPPluginJar : add gic
2024-09-25 09:54:57,608 [INFO] IPUIPlugin:80 - create IPUIPlugin
2024-09-25 09:54:57,608 [INFO] PluginManager:220 - loadIPPluginJar : add gpio
2024-09-25 09:54:57,611 [INFO] IPUIPlugin:80 - create IPUIPlugin
2024-09-25 09:54:57,611 [INFO] PluginManager:220 - loadIPPluginJar : add gtzc
2024-09-25 09:54:57,613 [INFO] IPUIPlugin:80 - create IPUIPlugin
2024-09-25 09:54:57,613 [INFO] PluginManager:220 - loadIPPluginJar : add hash
2024-09-25 09:54:57,615 [INFO] IPUIPlugin:80 - create IPUIPlugin
2024-09-25 09:54:57,616 [INFO] PluginManager:220 - loadIPPluginJar : add i2c
2024-09-25 09:54:57,618 [INFO] IPUIPlugin:80 - create IPUIPlugin
2024-09-25 09:54:57,618 [INFO] PluginManager:220 - loadIPPluginJar : add i2s
2024-09-25 09:54:57,620 [INFO] IPUIPlugin:80 - create IPUIPlugin
2024-09-25 09:54:57,621 [INFO] PluginManager:220 - loadIPPluginJar : add i3c
2024-09-25 09:54:57,625 [INFO] IPUIPlugin:80 - create IPUIPlugin
2024-09-25 09:54:57,625 [INFO] PluginManager:220 - loadIPPluginJar : add ipddr
2024-09-25 09:54:57,631 [INFO] IPUIPlugin:80 - create IPUIPlugin
2024-09-25 09:54:57,632 [INFO] PluginManager:220 - loadIPPluginJar : add linkedlist
2024-09-25 09:54:57,635 [INFO] IPUIPlugin:80 - create IPUIPlugin
2024-09-25 09:54:57,635 [INFO] PluginManager:220 - loadIPPluginJar : add lorawan
2024-09-25 09:54:57,636 [INFO] IPUIPlugin:80 - create IPUIPlugin
2024-09-25 09:54:57,636 [INFO] PluginManager:220 - loadIPPluginJar : add ltdc
2024-09-25 09:54:57,641 [INFO] IPUIPlugin:80 - create IPUIPlugin
2024-09-25 09:54:57,641 [INFO] PluginManager:220 - loadIPPluginJar : add mdma
2024-09-25 09:54:57,645 [INFO] IPUIPlugin:80 - create IPUIPlugin
2024-09-25 09:54:57,645 [INFO] PluginManager:220 - loadIPPluginJar : add nvic
2024-09-25 09:54:57,648 [INFO] IPUIPlugin:80 - create IPUIPlugin
2024-09-25 09:54:57,648 [INFO] PluginManager:220 - loadIPPluginJar : add opamp
2024-09-25 09:54:57,651 [INFO] IPUIPlugin:80 - create IPUIPlugin
2024-09-25 09:54:57,651 [INFO] PluginManager:220 - loadIPPluginJar : add openamp
2024-09-25 09:54:57,654 [INFO] IPUIPlugin:80 - create IPUIPlugin
2024-09-25 09:54:57,654 [INFO] PluginManager:220 - loadIPPluginJar : add pdm2pcm
2024-09-25 09:54:57,660 [INFO] IPUIPlugin:80 - create IPUIPlugin
2024-09-25 09:54:57,663 [INFO] PluginManager:220 - loadIPPluginJar : add plateformsettings
2024-09-25 09:54:57,664 [INFO] IPUIPlugin:80 - create IPUIPlugin
2024-09-25 09:54:57,664 [INFO] PluginManager:220 - loadIPPluginJar : add quadspi
2024-09-25 09:54:57,666 [INFO] IPUIPlugin:80 - create IPUIPlugin
2024-09-25 09:54:57,668 [INFO] PluginManager:220 - loadIPPluginJar : add radio
2024-09-25 09:54:57,670 [INFO] IPUIPlugin:80 - create IPUIPlugin
2024-09-25 09:54:57,671 [INFO] PluginManager:220 - loadIPPluginJar : add resmgrutility
2024-09-25 09:54:57,673 [INFO] IPUIPlugin:80 - create IPUIPlugin
2024-09-25 09:54:57,673 [INFO] PluginManager:220 - loadIPPluginJar : add sai
2024-09-25 09:54:57,675 [INFO] IPUIPlugin:80 - create IPUIPlugin
2024-09-25 09:54:57,675 [INFO] PluginManager:220 - loadIPPluginJar : add spi
2024-09-25 09:54:57,680 [INFO] IPUIPlugin:80 - create IPUIPlugin
2024-09-25 09:54:57,680 [INFO] PluginManager:220 - loadIPPluginJar : add stm32_wpan
2024-09-25 09:54:57,682 [INFO] IPUIPlugin:80 - create IPUIPlugin
2024-09-25 09:54:57,682 [INFO] PluginManager:220 - loadIPPluginJar : add tim
2024-09-25 09:54:57,684 [INFO] IPUIPlugin:80 - create IPUIPlugin
2024-09-25 09:54:57,684 [INFO] PluginManager:220 - loadIPPluginJar : add touchsensing
2024-09-25 09:54:57,686 [INFO] IPUIPlugin:80 - create IPUIPlugin
2024-09-25 09:54:57,686 [INFO] PluginManager:220 - loadIPPluginJar : add tracer_emb
2024-09-25 09:54:57,688 [INFO] IPUIPlugin:80 - create IPUIPlugin
2024-09-25 09:54:57,688 [INFO] PluginManager:220 - loadIPPluginJar : add ts
2024-09-25 09:54:57,689 [INFO] IPUIPlugin:80 - create IPUIPlugin
2024-09-25 09:54:57,689 [INFO] PluginManager:220 - loadIPPluginJar : add tsc
2024-09-25 09:54:57,691 [INFO] IPUIPlugin:80 - create IPUIPlugin
2024-09-25 09:54:57,691 [INFO] PluginManager:220 - loadIPPluginJar : add ucpd
2024-09-25 09:54:57,693 [INFO] IPUIPlugin:80 - create IPUIPlugin
2024-09-25 09:54:57,693 [INFO] PluginManager:220 - loadIPPluginJar : add usart
2024-09-25 09:54:57,696 [INFO] IPUIPlugin:80 - create IPUIPlugin
2024-09-25 09:54:57,696 [INFO] PluginManager:220 - loadIPPluginJar : add usbx
2024-09-25 09:54:57,824 [INFO] CADModel:165 - CPN selected for project level
2024-09-25 09:54:57,824 [INFO] CADModel:114 - Register for checkConnection events
2024-09-25 09:54:57,825 [FATAL] Updater:334 - Updater called before beeing initialized
2024-09-25 09:54:57,825 [ERROR] CADModel:125 - Updater not yet initialized, retry later 
2024-09-25 09:54:57,937 [INFO] CADModel:165 - CPN selected for project level
2024-09-25 09:54:57,937 [INFO] CADModel:114 - Register for checkConnection events
2024-09-25 09:54:57,937 [FATAL] Updater:334 - Updater called before beeing initialized
2024-09-25 09:54:57,937 [ERROR] CADModel:125 - Updater not yet initialized, retry later 
2024-09-25 09:54:57,940 [FATAL] Updater:334 - Updater called before beeing initialized
2024-09-25 09:54:58,060 [FATAL] Updater:334 - Updater called before beeing initialized
2024-09-25 09:54:58,065 [INFO] DbMcusAds:53 - JSON generation date=Fri Sep 20 06:04:23 PDT 2024 (1726837463113)
2024-09-25 09:54:58,066 [FATAL] Updater:334 - Updater called before beeing initialized
2024-09-25 09:54:58,105 [WARN] DetailPanel:346 - Failed to get advertising image, set to default
2024-09-25 09:54:58,203 [FATAL] Updater:334 - Updater called before beeing initialized
2024-09-25 09:54:58,204 [FATAL] Updater:334 - Updater called before beeing initialized
2024-09-25 09:54:58,204 [FATAL] Updater:334 - Updater called before beeing initialized
2024-09-25 09:54:58,204 [WARN] DetailPanel:346 - Failed to get advertising image, set to default
2024-09-25 09:54:58,205 [FATAL] Updater:334 - Updater called before beeing initialized
2024-09-25 09:54:58,255 [ERROR] Updater:1164 - MainUpdater not yet initialized. External WinMGr cannot be set.
2024-09-25 09:54:58,257 [INFO] Updater:1100 - Updater Version found : 6.12.1
2024-09-25 09:54:58,276 [INFO] ApplicationProperties:184 - Using Application install path: C:\ST\STM32CubeIDE_1.16.0\STM32CubeIDE\plugins\com.st.stm32cube.common.mx_6.12.1.202409122256
2024-09-25 09:54:58,704 [INFO] MainUpdater:2873 - connection check result : 10
2024-09-25 09:54:58,705 [INFO] MainUpdater:290 - Updater Check For Update Now.
2024-09-25 09:54:58,705 [INFO] MicroXplorer:498 - Change Database Version : DB.6.0.121
2024-09-25 09:54:58,711 [INFO] McuFinderGlobals:63 - Set McuFinder mode to 2 (CubeIDE integrated)
2024-09-25 09:54:58,712 [INFO] UserAuth:417 - Internet connection configuration mode: 1
2024-09-25 09:54:58,742 [INFO] JxBrowserEngine:152 - Initiate JxBrowser Engine with user profile folder
2024-09-25 09:54:58,913 [INFO] CheckServerUpdateThread:120 - End of CheckServer Thread
2024-09-25 09:54:59,855 [INFO] WebApp:167 - Instantiating new browser for Auth
2024-09-25 09:54:59,870 [ERROR] LogOutputStream:75 - [STDERR_REDIRECT] 
